Traceback (most recent call last):
  File "/scratch/zt1/project/tiwary-prj/user/rjohn123/DDPMvsNF/run_cfm.py", line 5, in <module>
    import utils_cfm
  File "/scratch/zt1/project/tiwary-prj/user/rjohn123/DDPMvsNF/utils_cfm.py", line 11, in <module>
    from torchdyn.core import NeuralODE
  File "/scratch/zt1/project/tiwary-prj/user/rjohn123/torchdyn/torchdyn/core/__init__.py", line 14, in <module>
    from torchdyn.core.neuralde import NeuralODE, NeuralSDE, MultipleShootingLayer
  File "/scratch/zt1/project/tiwary-prj/user/rjohn123/torchdyn/torchdyn/core/neuralde.py", line 20, in <module>
    import pytorch_lightning as pl
  File "/scratch/zt1/project/tiwary-prj/user/rjohn123/micromamba/envs/newenv/lib/python3.10/site-packages/pytorch_lightning/__init__.py", line 35, in <module>
Traceback (most recent call last):
  File "/scratch/zt1/project/tiwary-prj/user/rjohn123/DDPMvsNF/run_cfm.py", line 5, in <module>
    from pytorch_lightning.callbacks import Callback  # noqa: E402
  File "/scratch/zt1/project/tiwary-prj/user/rjohn123/micromamba/envs/newenv/lib/python3.10/site-packages/pytorch_lightning/callbacks/__init__.py", line 14, in <module>
    import utils_cfm
  File "/scratch/zt1/project/tiwary-prj/user/rjohn123/DDPMvsNF/utils_cfm.py", line 11, in <module>
    from torchdyn.core import NeuralODE
  File "/scratch/zt1/project/tiwary-prj/user/rjohn123/torchdyn/torchdyn/core/__init__.py", line 14, in <module>
    from torchdyn.core.neuralde import NeuralODE, NeuralSDE, MultipleShootingLayer
  File "/scratch/zt1/project/tiwary-prj/user/rjohn123/torchdyn/torchdyn/core/neuralde.py", line 20, in <module>
    import pytorch_lightning as pl
  File "/scratch/zt1/project/tiwary-prj/user/rjohn123/micromamba/envs/newenv/lib/python3.10/site-packages/pytorch_lightning/__init__.py", line 35, in <module>
    from pytorch_lightning.callbacks import Callback  # noqa: E402
  File "/scratch/zt1/project/tiwary-prj/user/rjohn123/micromamba/envs/newenv/lib/python3.10/site-packages/pytorch_lightning/callbacks/__init__.py", line 14, in <module>
    from pytorch_lightning.callbacks.batch_size_finder import BatchSizeFinder
  File "/scratch/zt1/project/tiwary-prj/user/rjohn123/micromamba/envs/newenv/lib/python3.10/site-packages/pytorch_lightning/callbacks/batch_size_finder.py", line 24, in <module>
    from pytorch_lightning.callbacks.callback import Callback
  File "/scratch/zt1/project/tiwary-prj/user/rjohn123/micromamba/envs/newenv/lib/python3.10/site-packages/pytorch_lightning/callbacks/callback.py", line 25, in <module>
    from pytorch_lightning.utilities.types import STEP_OUTPUT
  File "/scratch/zt1/project/tiwary-prj/user/rjohn123/micromamba/envs/newenv/lib/python3.10/site-packages/pytorch_lightning/utilities/__init__.py", line 23, in <module>
    from pytorch_lightning.utilities.imports import (  # noqa: F401
  File "/scratch/zt1/project/tiwary-prj/user/rjohn123/micromamba/envs/newenv/lib/python3.10/site-packages/pytorch_lightning/utilities/imports.py", line 28, in <module>
  File "/scratch/zt1/project/tiwary-prj/user/rjohn123/micromamba/envs/newenv/lib/python3.10/site-packages/pytorch_lightning/utilities/imports.py", line 28, in <module>
    _TORCHMETRICS_GREATER_EQUAL_0_11 = compare_version("torchmetrics", operator.ge, "0.11.0")  # using new API with task
  File "/scratch/zt1/project/tiwary-prj/user/rjohn123/micromamba/envs/newenv/lib/python3.10/site-packages/lightning_utilities/core/imports.py", line 77, in compare_version
    pkg = importlib.import_module(package)
  File "/scratch/zt1/project/tiwary-prj/user/rjohn123/micromamba/envs/newenv/lib/python3.10/importlib/__init__.py", line 126, in import_module
    return _bootstrap._gcd_import(name[level:], package, level)
  File "/scratch/zt1/project/tiwary-prj/user/rjohn123/micromamba/envs/newenv/lib/python3.10/site-packages/torchmetrics/__init__.py", line 22, in <module>
    return _bootstrap._gcd_import(name[level:], package, level)
  File "/scratch/zt1/project/tiwary-prj/user/rjohn123/micromamba/envs/newenv/lib/python3.10/site-packages/torchmetrics/__init__.py", line 22, in <module>
    from torchmetrics import functional  # noqa: E402
    from torchmetrics import functional  # noqa: E402
micromamba/envs/newenv/lib/python3.10/site-packages/torchmetrics/functional/__init__.py", line 14, in <module>
  File "/scratch/zt1/project/tiwary-prj/user/rjohn123/micromamba/envs/newenv/lib/python3.10/site-packages/torchmetrics/functional/__init__.py", line 14, in <module>
    from torchmetrics.functional.audio._deprecated import _permutation_invariant_training as permutation_invariant_training
  File "/scratch/zt1/project/tiwary-prj/user/rjohn123/micromamba/envs/newenv/lib/python3.10/site-packages/torchmetrics/functional/audio/__init__.py", line 14, in <module>
    from torchmetrics.functional.audio.pit import permutation_invariant_training, pit_permutate
  File "/scratch/zt1/project/tiwary-prj/user/rjohn123/micromamba/envs/newenv/lib/python3.10/site-packages/torchmetrics/functional/audio/pit.py", line 22, in <module>
    from torchmetrics.functional.audio.pit import permutation_invariant_training, pit_permutate
  File "/scratch/zt1/project/tiwary-prj/user/rjohn123/micromamba/envs/newenv/lib/python3.10/site-packages/torchmetrics/functional/audio/pit.py", line 22, in <module>
    from torchmetrics.utilities import rank_zero_warn
  File "/scratch/zt1/project/tiwary-prj/user/rjohn123/micromamba/envs/newenv/lib/python3.10/site-packages/torchmetrics/utilities/__init__.py", line 14, in <module>
    from torchmetrics.utilities.checks import check_forward_full_state_property
  File "/scratch/zt1/project/tiwary-prj/user/rjohn123/micromamba/envs/newenv/lib/python3.10/site-packages/torchmetrics/utilities/checks.py", line 25, in <module>
    from torchmetrics.metric import Metric
  File "/scratch/zt1/project/tiwary-prj/user/rjohn123/micromamba/envs/newenv/lib/python3.10/site-packages/torchmetrics/metric.py", line 41, in <module>
    from torchmetrics.utilities.plot import _AX_TYPE, _PLOT_OUT_TYPE, plot_single_or_multi_val
  File "/scratch/zt1/project/tiwary-prj/user/rjohn123/micromamba/envs/newenv/lib/python3.10/site-packages/torchmetrics/utilities/plot.py", line 27, in <module>
    import matplotlib.pyplot as plt
  File "/scratch/zt1/project/tiwary-prj/user/rjohn123/micromamba/envs/newenv/lib/python3.10/site-packages/matplotlib/pyplot.py", line 59, in <module>
    from matplotlib import (  # Re-exported for typing.
  File "/scratch/zt1/project/tiwary-prj/user/rjohn123/micromamba/envs/newenv/lib/python3.10/site-packages/matplotlib/style/__init__.py", line 1, in <module>
    from .core import available, context, library, reload_library, use
  File "/scratch/zt1/project/tiwary-prj/user/rjohn123/micromamba/envs/newenv/lib/python3.10/site-packages/matplotlib/style/core.py", line 233, in <module>
    from .core import available, context, library, reload_library, use
  File "/scratch/zt1/project/tiwary-prj/user/rjohn123/micromamba/envs/newenv/lib/python3.10/site-packages/matplotlib/style/core.py", line 233, in <module>
    _base_library = read_style_directory(BASE_LIBRARY_PATH)
  File "/scratch/zt1/project/tiwary-prj/user/rjohn123/micromamba/envs/newenv/lib/python3.10/site-packages/matplotlib/style/core.py", line 211, in read_style_directory
    _base_library = read_style_directory(BASE_LIBRARY_PATH)
  File "/scratch/zt1/project/tiwary-prj/user/rjohn123/micromamba/envs/newenv/lib/python3.10/site-packages/matplotlib/style/core.py", line 211, in read_style_directory
    styles[path.stem] = _rc_params_in_file(path)
  File "/scratch/zt1/project/tiwary-prj/user/rjohn123/micromamba/envs/newenv/lib/python3.10/site-packages/matplotlib/__init__.py", line 866, in _rc_params_in_file
    styles[path.stem] = _rc_params_in_file(path)
  File "/scratch/zt1/project/tiwary-prj/user/rjohn123/micromamba/envs/newenv/lib/python3.10/site-packages/matplotlib/__init__.py", line 866, in _rc_params_in_file
    with _open_file_or_url(fname) as fd:
  File "/scratch/zt1/project/tiwary-prj/user/rjohn123/micromamba/envs/newenv/lib/python3.10/contextlib.py", line 135, in __enter__
    with _open_file_or_url(fname) as fd:
  File "/scratch/zt1/project/tiwary-prj/user/rjohn123/micromamba/envs/newenv/lib/python3.10/contextlib.py", line 135, in __enter__
    return next(self.gen)
  File "/scratch/zt1/project/tiwary-prj/user/rjohn123/micromamba/envs/newenv/lib/python3.10/site-packages/matplotlib/__init__.py", line 843, in _open_file_or_url
    return next(self.gen)
  File "/scratch/zt1/project/tiwary-prj/user/rjohn123/micromamba/envs/newenv/lib/python3.10/site-packages/matplotlib/__init__.py", line 843, in _open_file_or_url
    with open(fname, encoding='utf-8') as f:
FileNotFoundError: [Errno 2] No such file or directory: '/scratch/zt1/project/tiwary-prj/user/rjohn123/micromamba/envs/newenv/lib/python3.10/site-packages/matplotlib/mpl-data/stylelib/_mpl-gallery.mplstyle'
FileNotFoundError: [Errno 2] No such file or directory: '/scratch/zt1/project/tiwary-prj/user/rjohn123/micromamba/envs/newenv/lib/python3.10/site-packages/matplotlib/mpl-data/stylelib/seaborn-v0_8-poster.mplstyle'
